# JRE version: OpenJDK Runtime Environment Temurin-17.0.9+9 (17.0.9+9) (build 17.0.9+9)
# Java VM: OpenJDK 64-Bit Server VM Temurin-17.0.9+9 (17.0.9+9, mixed mode, sharing, tiered, compressed oops, compressed class ptrs, g1 gc, windows-amd64)
GC Precious Log:
 CPUs: 8 total, 8 available
 Memory: 14291M
 Large Page Support: Disabled
 NUMA Support: Disabled
 Compressed Oops: Enabled (32-bit)
 Heap Region Size: 1M
 Heap Min Capacity: 8M
 Heap Initial Capacity: 224M
 Heap Max Capacity: 512M
 Pre-touch: Disabled
 Parallel Workers: 8
 Concurrent Workers: 2
 Concurrent Refinement Workers: 8
 Periodic GC: Disabled
Heap:
 garbage-first heap   total 53248K, used 35504K [0x00000000e0000000, 0x0000000100000000)
  region size 1024K, 9 young (9216K), 1 survivors (1024K)
 Metaspace       used 32278K, committed 32512K, reserved 1114112K
  class space    used 3602K, committed 3712K, reserved 1048576K
GC Heap History (20 events):
Event: 27.385 GC heap before
{Heap before GC invocations=8 (full 0):
 garbage-first heap   total 40960K, used 27997K [0x00000000e0000000, 0x0000000100000000)
  region size 1024K, 11 young (11264K), 3 survivors (3072K)
 Metaspace       used 26427K, committed 26688K, reserved 1114112K
  class space    used 3001K, committed 3136K, reserved 1048576K
}
Event: 27.398 GC heap after
{Heap after GC invocations=9 (full 0):
 garbage-first heap   total 40960K, used 22446K [0x00000000e0000000, 0x0000000100000000)
  region size 1024K, 2 young (2048K), 2 survivors (2048K)
 Metaspace       used 26427K, committed 26688K, reserved 1114112K
  class space    used 3001K, committed 3136K, reserved 1048576K
}
Event: 28.081 GC heap before
{Heap before GC invocations=9 (full 0):
 garbage-first heap   total 40960K, used 28590K [0x00000000e0000000, 0x0000000100000000)
  region size 1024K, 8 young (8192K), 2 survivors (2048K)
 Metaspace       used 28388K, committed 28672K, reserved 1114112K
  class space    used 3212K, committed 3328K, reserved 1048576K
}
Event: 28.090 GC heap after
{Heap after GC invocations=10 (full 0):
 garbage-first heap   total 40960K, used 23906K [0x00000000e0000000, 0x0000000100000000)
  region size 1024K, 1 young (1024K), 1 survivors (1024K)
 Metaspace       used 28388K, committed 28672K, reserved 1114112K
  class space    used 3212K, committed 3328K, reserved 1048576K
}
Event: 29.141 GC heap before
{Heap before GC invocations=11 (full 0):
 garbage-first heap   total 43008K, used 29026K [0x00000000e0000000, 0x0000000100000000)
  region size 1024K, 7 young (7168K), 1 survivors (1024K)
 Metaspace       used 30694K, committed 31040K, reserved 1114112K
  class space    used 3539K, committed 3712K, reserved 1048576K
}
Event: 29.148 GC heap after
{Heap after GC invocations=12 (full 0):
 garbage-first heap   total 43008K, used 25496K [0x00000000e0000000, 0x0000000100000000)
  region size 1024K, 1 young (1024K), 1 survivors (1024K)
 Metaspace       used 30694K, committed 31040K, reserved 1114112K
  class space    used 3539K, committed 3712K, reserved 1048576K
}
Event: 40.405 GC heap before
{Heap before GC invocations=12 (full 0):
 garbage-first heap   total 43008K, used 30616K [0x00000000e0000000, 0x0000000100000000)
  region size 1024K, 7 young (7168K), 1 survivors (1024K)
 Metaspace       used 31162K, committed 31488K, reserved 1114112K
  class space    used 3572K, committed 3712K, reserved 1048576K
}
Event: 40.408 GC heap after
{Heap after GC invocations=13 (full 0):
 garbage-first heap   total 43008K, used 26467K [0x00000000e0000000, 0x0000000100000000)
  region size 1024K, 1 young (1024K), 1 survivors (1024K)
 Metaspace       used 31162K, committed 31488K, reserved 1114112K
  class space    used 3572K, committed 3712K, reserved 1048576K
}
Event: 51.289 GC heap before
{Heap before GC invocations=14 (full 0):
 garbage-first heap   total 48128K, used 30563K [0x00000000e0000000, 0x0000000100000000)
  region size 1024K, 6 young (6144K), 1 survivors (1024K)
 Metaspace       used 31232K, committed 31488K, reserved 1114112K
  class space    used 3572K, committed 3712K, reserved 1048576K
}
Event: 51.291 GC heap after
{Heap after GC invocations=15 (full 0):
 garbage-first heap   total 48128K, used 26796K [0x00000000e0000000, 0x0000000100000000)
  region size 1024K, 1 young (1024K), 1 survivors (1024K)
 Metaspace       used 31232K, committed 31488K, reserved 1114112K
  class space    used 3572K, committed 3712K, reserved 1048576K
}
Event: 67.792 GC heap before
{Heap before GC invocations=15 (full 0):
 garbage-first heap   total 48128K, used 34988K [0x00000000e0000000, 0x0000000100000000)
  region size 1024K, 9 young (9216K), 1 survivors (1024K)
 Metaspace       used 31388K, committed 31680K, reserved 1114112K
  class space    used 3572K, committed 3712K, reserved 1048576K
}
Event: 67.795 GC heap after
{Heap after GC invocations=16 (full 0):
 garbage-first heap   total 48128K, used 27266K [0x00000000e0000000, 0x0000000100000000)
  region size 1024K, 1 young (1024K), 1 survivors (1024K)
 Metaspace       used 31388K, committed 31680K, reserved 1114112K
  class space    used 3572K, committed 3712K, reserved 1048576K
}
Event: 86.939 GC heap before
{Heap before GC invocations=17 (full 0):
 garbage-first heap   total 50176K, used 35458K [0x00000000e0000000, 0x0000000100000000)
  region size 1024K, 10 young (10240K), 1 survivors (1024K)
 Metaspace       used 31518K, committed 31808K, reserved 1114112K
  class space    used 3572K, committed 3712K, reserved 1048576K
}
Event: 86.941 GC heap after
{Heap after GC invocations=18 (full 0):
 garbage-first heap   total 50176K, used 27820K [0x00000000e0000000, 0x0000000100000000)
  region size 1024K, 2 young (2048K), 2 survivors (2048K)
 Metaspace       used 31518K, committed 31808K, reserved 1114112K
  class space    used 3572K, committed 3712K, reserved 1048576K
}
Event: 93.887 GC heap before
{Heap before GC invocations=18 (full 0):
 garbage-first heap   total 50176K, used 37036K [0x00000000e0000000, 0x0000000100000000)
  region size 1024K, 12 young (12288K), 2 survivors (2048K)
 Metaspace       used 31885K, committed 32192K, reserved 1114112K
  class space    used 3600K, committed 3712K, reserved 1048576K
}
Event: 93.891 GC heap after
{Heap after GC invocations=19 (full 0):
 garbage-first heap   total 50176K, used 28336K [0x00000000e0000000, 0x0000000100000000)
  region size 1024K, 2 young (2048K), 2 survivors (2048K)
 Metaspace       used 31885K, committed 32192K, reserved 1114112K
  class space    used 3600K, committed 3712K, reserved 1048576K
}
Event: 97.619 GC heap before
{Heap before GC invocations=20 (full 0):
 garbage-first heap   total 53248K, used 38576K [0x00000000e0000000, 0x0000000100000000)
  region size 1024K, 12 young (12288K), 2 survivors (2048K)
 Metaspace       used 31949K, committed 32192K, reserved 1114112K
  class space    used 3600K, committed 3712K, reserved 1048576K
}
Event: 97.621 GC heap after
{Heap after GC invocations=21 (full 0):
 garbage-first heap   total 53248K, used 28331K [0x00000000e0000000, 0x0000000100000000)
  region size 1024K, 1 young (1024K), 1 survivors (1024K)
 Metaspace       used 31949K, committed 32192K, reserved 1114112K
  class space    used 3600K, committed 3712K, reserved 1048576K
}
Event: 206.606 GC heap before
{Heap before GC invocations=21 (full 0):
 garbage-first heap   total 53248K, used 41643K [0x00000000e0000000, 0x0000000100000000)
  region size 1024K, 14 young (14336K), 1 survivors (1024K)
 Metaspace       used 32248K, committed 32512K, reserved 1114112K
  class space    used 3602K, committed 3712K, reserved 1048576K
}
Event: 206.608 GC heap after
{Heap after GC invocations=22 (full 0):
 garbage-first heap   total 53248K, used 28336K [0x00000000e0000000, 0x0000000100000000)
  region size 1024K, 1 young (1024K), 1 survivors (1024K)
 Metaspace       used 32248K, committed 32512K, reserved 1114112K
  class space    used 3602K, committed 3712K, reserved 1048576K
}

